<?xml version="1.0" encoding="UTF-8"?>
<testng-results ignored="0" total="1" passed="1" failed="0" skipped="0">
  <reporter-output>
  </reporter-output>
  <suite started-at="2022-08-01T00:02:37 CEST" name="Default Suite" finished-at="2022-08-01T00:02:37 CEST" duration-ms="55">
    <groups>
    </groups>
    <test started-at="2022-08-01T00:02:37 CEST" name="TestNGMavenDemo" finished-at="2022-08-01T00:02:37 CEST" duration-ms="55">
      <class name="TestCases">
        <test-method signature="test1()[pri:0, instance:TestCases@71d15f18]" started-at="2022-08-01T00:02:37 CEST" name="test1" finished-at="2022-08-01T00:02:37 CEST" duration-ms="4" status="PASS">
          <reporter-output>
          </reporter-output>
        </test-method> <!-- test1 -->
      </class> <!-- TestCases -->
    </test> <!-- TestNGMavenDemo -->
  </suite> <!-- Default Suite -->
</testng-results>
